# JRE version: OpenJDK Runtime Environment Temurin-17.0.11+9 (17.0.11+9) (build 17.0.11+9)
# Java VM: OpenJDK 64-Bit Server VM Temurin-17.0.11+9 (17.0.11+9, mixed mode, emulated-client, tiered, compressed oops, compressed class ptrs, g1 gc, windows-amd64)
GC Precious Log:
 CPUs: 2 total, 2 available
 Memory: 3944M
 Large Page Support: Disabled
 NUMA Support: Disabled
 Compressed Oops: Enabled (32-bit)
 Heap Region Size: 1M
 Heap Min Capacity: 8M
 Heap Initial Capacity: 62M
 Heap Max Capacity: 1G
 Pre-touch: Disabled
 Parallel Workers: 2
 Concurrent Workers: 1
 Concurrent Refinement Workers: 2
 Periodic GC: Disabled
Heap:
 garbage-first heap   total 73728K, used 36845K [0x00000000c0000000, 0x0000000100000000)
  region size 1024K, 1 young (1024K), 0 survivors (0K)
 Metaspace       used 60897K, committed 61376K, reserved 1114112K
  class space    used 7276K, committed 7488K, reserved 1048576K
GC Heap History (20 events):
Event: 1007.888 GC heap before
{Heap before GC invocations=108 (full 74):
 garbage-first heap   total 73728K, used 36845K [0x00000000c0000000, 0x0000000100000000)
  region size 1024K, 1 young (1024K), 0 survivors (0K)
 Metaspace       used 60897K, committed 61376K, reserved 1114112K
  class space    used 7276K, committed 7488K, reserved 1048576K
}
Event: 1007.954 GC heap after
{Heap after GC invocations=109 (full 75):
 garbage-first heap   total 73728K, used 36845K [0x00000000c0000000, 0x0000000100000000)
  region size 1024K, 0 young (0K), 0 survivors (0K)
 Metaspace       used 60897K, committed 61376K, reserved 1114112K
  class space    used 7276K, committed 7488K, reserved 1048576K
}
Event: 1018.216 GC heap before
{Heap before GC invocations=109 (full 75):
 garbage-first heap   total 73728K, used 36845K [0x00000000c0000000, 0x0000000100000000)
  region size 1024K, 1 young (1024K), 0 survivors (0K)
 Metaspace       used 60897K, committed 61376K, reserved 1114112K
  class space    used 7276K, committed 7488K, reserved 1048576K
}
Event: 1018.274 GC heap after
{Heap after GC invocations=110 (full 76):
 garbage-first heap   total 73728K, used 36845K [0x00000000c0000000, 0x0000000100000000)
  region size 1024K, 0 young (0K), 0 survivors (0K)
 Metaspace       used 60897K, committed 61376K, reserved 1114112K
  class space    used 7276K, committed 7488K, reserved 1048576K
}
Event: 1028.563 GC heap before
{Heap before GC invocations=110 (full 76):
 garbage-first heap   total 73728K, used 36845K [0x00000000c0000000, 0x0000000100000000)
  region size 1024K, 1 young (1024K), 0 survivors (0K)
 Metaspace       used 60897K, committed 61376K, reserved 1114112K
  class space    used 7276K, committed 7488K, reserved 1048576K
}
Event: 1028.630 GC heap after
{Heap after GC invocations=111 (full 77):
 garbage-first heap   total 73728K, used 36845K [0x00000000c0000000, 0x0000000100000000)
  region size 1024K, 0 young (0K), 0 survivors (0K)
 Metaspace       used 60897K, committed 61376K, reserved 1114112K
  class space    used 7276K, committed 7488K, reserved 1048576K
}
Event: 1038.904 GC heap before
{Heap before GC invocations=111 (full 77):
 garbage-first heap   total 73728K, used 36845K [0x00000000c0000000, 0x0000000100000000)
  region size 1024K, 1 young (1024K), 0 survivors (0K)
 Metaspace       used 60897K, committed 61376K, reserved 1114112K
  class space    used 7276K, committed 7488K, reserved 1048576K
}
Event: 1038.962 GC heap after
{Heap after GC invocations=112 (full 78):
 garbage-first heap   total 73728K, used 36845K [0x00000000c0000000, 0x0000000100000000)
  region size 1024K, 0 young (0K), 0 survivors (0K)
 Metaspace       used 60897K, committed 61376K, reserved 1114112K
  class space    used 7276K, committed 7488K, reserved 1048576K
}
Event: 1049.252 GC heap before
{Heap before GC invocations=112 (full 78):
 garbage-first heap   total 73728K, used 36845K [0x00000000c0000000, 0x0000000100000000)
  region size 1024K, 1 young (1024K), 0 survivors (0K)
 Metaspace       used 60897K, committed 61376K, reserved 1114112K
  class space    used 7276K, committed 7488K, reserved 1048576K
}
Event: 1049.319 GC heap after
{Heap after GC invocations=113 (full 79):
 garbage-first heap   total 73728K, used 36845K [0x00000000c0000000, 0x0000000100000000)
  region size 1024K, 0 young (0K), 0 survivors (0K)
 Metaspace       used 60897K, committed 61376K, reserved 1114112K
  class space    used 7276K, committed 7488K, reserved 1048576K
}
Event: 1059.653 GC heap before
{Heap before GC invocations=113 (full 79):
 garbage-first heap   total 73728K, used 36845K [0x00000000c0000000, 0x0000000100000000)
  region size 1024K, 1 young (1024K), 0 survivors (0K)
 Metaspace       used 60897K, committed 61376K, reserved 1114112K
  class space    used 7276K, committed 7488K, reserved 1048576K
}
Event: 1059.721 GC heap after
{Heap after GC invocations=114 (full 80):
 garbage-first heap   total 73728K, used 36845K [0x00000000c0000000, 0x0000000100000000)
  region size 1024K, 0 young (0K), 0 survivors (0K)
 Metaspace       used 60897K, committed 61376K, reserved 1114112K
  class space    used 7276K, committed 7488K, reserved 1048576K
}
Event: 1070.001 GC heap before
{Heap before GC invocations=114 (full 80):
 garbage-first heap   total 73728K, used 36845K [0x00000000c0000000, 0x0000000100000000)
  region size 1024K, 1 young (1024K), 0 survivors (0K)
 Metaspace       used 60897K, committed 61376K, reserved 1114112K
  class space    used 7276K, committed 7488K, reserved 1048576K
}
Event: 1070.067 GC heap after
{Heap after GC invocations=115 (full 81):
 garbage-first heap   total 73728K, used 36845K [0x00000000c0000000, 0x0000000100000000)
  region size 1024K, 0 young (0K), 0 survivors (0K)
 Metaspace       used 60897K, committed 61376K, reserved 1114112K
  class space    used 7276K, committed 7488K, reserved 1048576K
}
Event: 1080.366 GC heap before
{Heap before GC invocations=115 (full 81):
 garbage-first heap   total 73728K, used 36845K [0x00000000c0000000, 0x0000000100000000)
  region size 1024K, 1 young (1024K), 0 survivors (0K)
 Metaspace       used 60897K, committed 61376K, reserved 1114112K
  class space    used 7276K, committed 7488K, reserved 1048576K
}
Event: 1080.433 GC heap after
{Heap after GC invocations=116 (full 82):
 garbage-first heap   total 73728K, used 36845K [0x00000000c0000000, 0x0000000100000000)
  region size 1024K, 0 young (0K), 0 survivors (0K)
 Metaspace       used 60897K, committed 61376K, reserved 1114112K
  class space    used 7276K, committed 7488K, reserved 1048576K
}
Event: 1090.718 GC heap before
{Heap before GC invocations=116 (full 82):
 garbage-first heap   total 73728K, used 36845K [0x00000000c0000000, 0x0000000100000000)
  region size 1024K, 1 young (1024K), 0 survivors (0K)
 Metaspace       used 60897K, committed 61376K, reserved 1114112K
  class space    used 7276K, committed 7488K, reserved 1048576K
}
Event: 1090.786 GC heap after
{Heap after GC invocations=117 (full 83):
 garbage-first heap   total 73728K, used 36845K [0x00000000c0000000, 0x0000000100000000)
  region size 1024K, 0 young (0K), 0 survivors (0K)
 Metaspace       used 60897K, committed 61376K, reserved 1114112K
  class space    used 7276K, committed 7488K, reserved 1048576K
}
Event: 1101.087 GC heap before
{Heap before GC invocations=117 (full 83):
 garbage-first heap   total 73728K, used 36845K [0x00000000c0000000, 0x0000000100000000)
  region size 1024K, 1 young (1024K), 0 survivors (0K)
 Metaspace       used 60897K, committed 61376K, reserved 1114112K
  class space    used 7276K, committed 7488K, reserved 1048576K
}
Event: 1101.153 GC heap after
{Heap after GC invocations=118 (full 84):
 garbage-first heap   total 73728K, used 36845K [0x00000000c0000000, 0x0000000100000000)
  region size 1024K, 0 young (0K), 0 survivors (0K)
 Metaspace       used 60897K, committed 61376K, reserved 1114112K
  class space    used 7276K, committed 7488K, reserved 1048576K
}

